<?xml version="1.0" encoding="UTF-8"?>
<testsuite xmlns:xsi="http://www.w3.org/2001/XMLSchema-instance" xsi:noNamespaceSchemaLocation="https://maven.apache.org/surefire/maven-surefire-plugin/xsd/surefire-test-report.xsd" name="qualidade.AppTest" time="0.019" tests="3" errors="0" skipped="0" failures="0">
  <properties>
[...]
</properties>
  <testcase name="testeRenda1701" classname="qualidade.AppTest" time="0.01"/>
  <testcase name="testeRenda3002" classname="qualidade.AppTest" time="0"/>
  <testcase name="testeRenda4520" classname="qualidade.AppTest" time="0.001"/>
</testsuite>